[2016-05-17 18:39:33] lumen.ERROR: ErrorException: Declaration of class@anonymous::schedule(Schedule $schedule) should be compatible with Laravel\Lumen\Console\Kernel::schedule(Illuminate\Console\Scheduling\Schedule $schedule) in /Users/mkkn/mine/chatbox-inc/heroku-php/bin/phpheroku:25
Stack trace:
#0 /Users/mkkn/mine/chatbox-inc/heroku-php/bin/phpheroku(25): Laravel\Lumen\Application->Laravel\Lumen\Concerns\{closure}(2, 'Declaration of ...', '/Users/mkkn/min...', 25, Array)
#1 {main}  
[2016-05-18 10:43:30] lumen.ERROR: Illuminate\Contracts\Container\BindingResolutionException: Target [Illuminate\Contracts\Debug\ExceptionHandler] is not instantiable. in /Users/mkkn/mine/chatbox-inc/heroku-php/vendor/illuminate/container/Container.php:752
Stack trace:
#0 /Users/mkkn/mine/chatbox-inc/heroku-php/vendor/illuminate/container/Container.php(633): Illuminate\Container\Container->build('Illuminate\\Cont...', Array)
#1 /Users/mkkn/mine/chatbox-inc/heroku-php/vendor/laravel/lumen-framework/src/Application.php(205): Illuminate\Container\Container->make('Illuminate\\Cont...', Array)
#2 /Users/mkkn/mine/chatbox-inc/heroku-php/vendor/illuminate/container/Container.php(1178): Laravel\Lumen\Application->make('Illuminate\\Cont...')
#3 /Users/mkkn/mine/chatbox-inc/heroku-php/vendor/laravel/lumen-framework/src/Console/Kernel.php(177): Illuminate\Container\Container->offsetGet('Illuminate\\Cont...')
#4 /Users/mkkn/mine/chatbox-inc/heroku-php/vendor/laravel/lumen-framework/src/Console/Kernel.php(71): Laravel\Lumen\Console\Kernel->reportException(Object(Symfony\Component\Console\Exception\InvalidArgumentException))
#5 /Users/mkkn/mine/chatbox-inc/heroku-php/bin/phpheroku(35): Laravel\Lumen\Console\Kernel->handle(Object(Symfony\Component\Console\Input\ArgvInput), Object(Symfony\Component\Console\Output\ConsoleOutput))
#6 {main}  
[2016-05-18 10:45:09] lumen.ERROR: Symfony\Component\Console\Exception\InvalidArgumentException: The "appname" argument does not exist. in /Users/mkkn/mine/chatbox-inc/heroku-php/vendor/symfony/console/Input/Input.php:133
Stack trace:
#0 /Users/mkkn/mine/chatbox-inc/heroku-php/vendor/illuminate/console/Command.php(216): Symfony\Component\Console\Input\Input->getArgument('appname')
#1 /Users/mkkn/mine/chatbox-inc/heroku-php/src/Commands/Init.php(31): Illuminate\Console\Command->argument('appname')
#2 [internal function]: Chatbox\Heroku\Commands\Init->handle()
#3 /Users/mkkn/mine/chatbox-inc/heroku-php/vendor/illuminate/container/Container.php(507): call_user_func_array(Array, Array)
#4 /Users/mkkn/mine/chatbox-inc/heroku-php/vendor/illuminate/console/Command.php(169): Illuminate\Container\Container->call(Array)
#5 /Users/mkkn/mine/chatbox-inc/heroku-php/vendor/symfony/console/Command/Command.php(256): Illuminate\Console\Command->execute(Object(Symfony\Component\Console\Input\ArgvInput), Object(Symfony\Component\Console\Output\ConsoleOutput))
#6 /Users/mkkn/mine/chatbox-inc/heroku-php/vendor/illuminate/console/Command.php(155): Symfony\Component\Console\Command\Command->run(Object(Symfony\Component\Console\Input\ArgvInput), Object(Symfony\Component\Console\Output\ConsoleOutput))
#7 /Users/mkkn/mine/chatbox-inc/heroku-php/vendor/symfony/console/Application.php(791): Illuminate\Console\Command->run(Object(Symfony\Component\Console\Input\ArgvInput), Object(Symfony\Component\Console\Output\ConsoleOutput))
#8 /Users/mkkn/mine/chatbox-inc/heroku-php/vendor/symfony/console/Application.php(186): Symfony\Component\Console\Application->doRunCommand(Object(Chatbox\Heroku\Commands\Init), Object(Symfony\Component\Console\Input\ArgvInput), Object(Symfony\Component\Console\Output\ConsoleOutput))
#9 /Users/mkkn/mine/chatbox-inc/heroku-php/vendor/symfony/console/Application.php(117): Symfony\Component\Console\Application->doRun(Object(Symfony\Component\Console\Input\ArgvInput), Object(Symfony\Component\Console\Output\ConsoleOutput))
#10 /Users/mkkn/mine/chatbox-inc/heroku-php/vendor/laravel/lumen-framework/src/Console/Kernel.php(69): Symfony\Component\Console\Application->run(Object(Symfony\Component\Console\Input\ArgvInput), Object(Symfony\Component\Console\Output\ConsoleOutput))
#11 /Users/mkkn/mine/chatbox-inc/heroku-php/bin/phpheroku(39): Laravel\Lumen\Console\Kernel->handle(Object(Symfony\Component\Console\Input\ArgvInput), Object(Symfony\Component\Console\Output\ConsoleOutput))
#12 {main}  
[2016-05-18 10:45:17] lumen.ERROR: Symfony\Component\Console\Exception\RuntimeException: The "-a" option does not exist. in /Users/mkkn/mine/chatbox-inc/heroku-php/vendor/symfony/console/Input/ArgvInput.php:194
Stack trace:
#0 /Users/mkkn/mine/chatbox-inc/heroku-php/vendor/symfony/console/Input/ArgvInput.php(110): Symfony\Component\Console\Input\ArgvInput->addShortOption('a', NULL)
#1 /Users/mkkn/mine/chatbox-inc/heroku-php/vendor/symfony/console/Input/ArgvInput.php(86): Symfony\Component\Console\Input\ArgvInput->parseShortOption('-a')
#2 /Users/mkkn/mine/chatbox-inc/heroku-php/vendor/symfony/console/Input/Input.php(64): Symfony\Component\Console\Input\ArgvInput->parse()
#3 /Users/mkkn/mine/chatbox-inc/heroku-php/vendor/symfony/console/Command/Command.php(221): Symfony\Component\Console\Input\Input->bind(Object(Symfony\Component\Console\Input\InputDefinition))
#4 /Users/mkkn/mine/chatbox-inc/heroku-php/vendor/illuminate/console/Command.php(155): Symfony\Component\Console\Command\Command->run(Object(Symfony\Component\Console\Input\ArgvInput), Object(Symfony\Component\Console\Output\ConsoleOutput))
#5 /Users/mkkn/mine/chatbox-inc/heroku-php/vendor/symfony/console/Application.php(791): Illuminate\Console\Command->run(Object(Symfony\Component\Console\Input\ArgvInput), Object(Symfony\Component\Console\Output\ConsoleOutput))
#6 /Users/mkkn/mine/chatbox-inc/heroku-php/vendor/symfony/console/Application.php(186): Symfony\Component\Console\Application->doRunCommand(Object(Chatbox\Heroku\Commands\Init), Object(Symfony\Component\Console\Input\ArgvInput), Object(Symfony\Component\Console\Output\ConsoleOutput))
#7 /Users/mkkn/mine/chatbox-inc/heroku-php/vendor/symfony/console/Application.php(117): Symfony\Component\Console\Application->doRun(Object(Symfony\Component\Console\Input\ArgvInput), Object(Symfony\Component\Console\Output\ConsoleOutput))
#8 /Users/mkkn/mine/chatbox-inc/heroku-php/vendor/laravel/lumen-framework/src/Console/Kernel.php(69): Symfony\Component\Console\Application->run(Object(Symfony\Component\Console\Input\ArgvInput), Object(Symfony\Component\Console\Output\ConsoleOutput))
#9 /Users/mkkn/mine/chatbox-inc/heroku-php/bin/phpheroku(39): Laravel\Lumen\Console\Kernel->handle(Object(Symfony\Component\Console\Input\ArgvInput), Object(Symfony\Component\Console\Output\ConsoleOutput))
#10 {main}  
[2016-05-18 10:46:02] lumen.ERROR: Symfony\Component\Console\Exception\RuntimeException: The "-a" option does not exist. in /Users/mkkn/mine/chatbox-inc/heroku-php/vendor/symfony/console/Input/ArgvInput.php:194
Stack trace:
#0 /Users/mkkn/mine/chatbox-inc/heroku-php/vendor/symfony/console/Input/ArgvInput.php(110): Symfony\Component\Console\Input\ArgvInput->addShortOption('a', NULL)
#1 /Users/mkkn/mine/chatbox-inc/heroku-php/vendor/symfony/console/Input/ArgvInput.php(86): Symfony\Component\Console\Input\ArgvInput->parseShortOption('-a')
#2 /Users/mkkn/mine/chatbox-inc/heroku-php/vendor/symfony/console/Input/Input.php(64): Symfony\Component\Console\Input\ArgvInput->parse()
#3 /Users/mkkn/mine/chatbox-inc/heroku-php/vendor/symfony/console/Command/Command.php(221): Symfony\Component\Console\Input\Input->bind(Object(Symfony\Component\Console\Input\InputDefinition))
#4 /Users/mkkn/mine/chatbox-inc/heroku-php/vendor/illuminate/console/Command.php(155): Symfony\Component\Console\Command\Command->run(Object(Symfony\Component\Console\Input\ArgvInput), Object(Symfony\Component\Console\Output\ConsoleOutput))
#5 /Users/mkkn/mine/chatbox-inc/heroku-php/vendor/symfony/console/Application.php(791): Illuminate\Console\Command->run(Object(Symfony\Component\Console\Input\ArgvInput), Object(Symfony\Component\Console\Output\ConsoleOutput))
#6 /Users/mkkn/mine/chatbox-inc/heroku-php/vendor/symfony/console/Application.php(186): Symfony\Component\Console\Application->doRunCommand(Object(Chatbox\Heroku\Commands\Init), Object(Symfony\Component\Console\Input\ArgvInput), Object(Symfony\Component\Console\Output\ConsoleOutput))
#7 /Users/mkkn/mine/chatbox-inc/heroku-php/vendor/symfony/console/Application.php(117): Symfony\Component\Console\Application->doRun(Object(Symfony\Component\Console\Input\ArgvInput), Object(Symfony\Component\Console\Output\ConsoleOutput))
#8 /Users/mkkn/mine/chatbox-inc/heroku-php/vendor/laravel/lumen-framework/src/Console/Kernel.php(69): Symfony\Component\Console\Application->run(Object(Symfony\Component\Console\Input\ArgvInput), Object(Symfony\Component\Console\Output\ConsoleOutput))
#9 /Users/mkkn/mine/chatbox-inc/heroku-php/bin/phpheroku(39): Laravel\Lumen\Console\Kernel->handle(Object(Symfony\Component\Console\Input\ArgvInput), Object(Symfony\Component\Console\Output\ConsoleOutput))
#10 {main}  
[2016-05-18 10:46:07] lumen.ERROR: Symfony\Component\Console\Exception\InvalidArgumentException: The "appname" argument does not exist. in /Users/mkkn/mine/chatbox-inc/heroku-php/vendor/symfony/console/Input/Input.php:133
Stack trace:
#0 /Users/mkkn/mine/chatbox-inc/heroku-php/vendor/illuminate/console/Command.php(216): Symfony\Component\Console\Input\Input->getArgument('appname')
#1 /Users/mkkn/mine/chatbox-inc/heroku-php/src/Commands/Init.php(31): Illuminate\Console\Command->argument('appname')
#2 [internal function]: Chatbox\Heroku\Commands\Init->handle()
#3 /Users/mkkn/mine/chatbox-inc/heroku-php/vendor/illuminate/container/Container.php(507): call_user_func_array(Array, Array)
#4 /Users/mkkn/mine/chatbox-inc/heroku-php/vendor/illuminate/console/Command.php(169): Illuminate\Container\Container->call(Array)
#5 /Users/mkkn/mine/chatbox-inc/heroku-php/vendor/symfony/console/Command/Command.php(256): Illuminate\Console\Command->execute(Object(Symfony\Component\Console\Input\ArgvInput), Object(Symfony\Component\Console\Output\ConsoleOutput))
#6 /Users/mkkn/mine/chatbox-inc/heroku-php/vendor/illuminate/console/Command.php(155): Symfony\Component\Console\Command\Command->run(Object(Symfony\Component\Console\Input\ArgvInput), Object(Symfony\Component\Console\Output\ConsoleOutput))
#7 /Users/mkkn/mine/chatbox-inc/heroku-php/vendor/symfony/console/Application.php(791): Illuminate\Console\Command->run(Object(Symfony\Component\Console\Input\ArgvInput), Object(Symfony\Component\Console\Output\ConsoleOutput))
#8 /Users/mkkn/mine/chatbox-inc/heroku-php/vendor/symfony/console/Application.php(186): Symfony\Component\Console\Application->doRunCommand(Object(Chatbox\Heroku\Commands\Init), Object(Symfony\Component\Console\Input\ArgvInput), Object(Symfony\Component\Console\Output\ConsoleOutput))
#9 /Users/mkkn/mine/chatbox-inc/heroku-php/vendor/symfony/console/Application.php(117): Symfony\Component\Console\Application->doRun(Object(Symfony\Component\Console\Input\ArgvInput), Object(Symfony\Component\Console\Output\ConsoleOutput))
#10 /Users/mkkn/mine/chatbox-inc/heroku-php/vendor/laravel/lumen-framework/src/Console/Kernel.php(69): Symfony\Component\Console\Application->run(Object(Symfony\Component\Console\Input\ArgvInput), Object(Symfony\Component\Console\Output\ConsoleOutput))
#11 /Users/mkkn/mine/chatbox-inc/heroku-php/bin/phpheroku(39): Laravel\Lumen\Console\Kernel->handle(Object(Symfony\Component\Console\Input\ArgvInput), Object(Symfony\Component\Console\Output\ConsoleOutput))
#12 {main}  
[2016-05-18 10:46:23] lumen.ERROR: Symfony\Component\Console\Exception\InvalidArgumentException: The "appname" argument does not exist. in /Users/mkkn/mine/chatbox-inc/heroku-php/vendor/symfony/console/Input/Input.php:133
Stack trace:
#0 /Users/mkkn/mine/chatbox-inc/heroku-php/vendor/illuminate/console/Command.php(216): Symfony\Component\Console\Input\Input->getArgument('appname')
#1 /Users/mkkn/mine/chatbox-inc/heroku-php/src/Commands/Init.php(31): Illuminate\Console\Command->argument('appname')
#2 [internal function]: Chatbox\Heroku\Commands\Init->handle()
#3 /Users/mkkn/mine/chatbox-inc/heroku-php/vendor/illuminate/container/Container.php(507): call_user_func_array(Array, Array)
#4 /Users/mkkn/mine/chatbox-inc/heroku-php/vendor/illuminate/console/Command.php(169): Illuminate\Container\Container->call(Array)
#5 /Users/mkkn/mine/chatbox-inc/heroku-php/vendor/symfony/console/Command/Command.php(256): Illuminate\Console\Command->execute(Object(Symfony\Component\Console\Input\ArgvInput), Object(Symfony\Component\Console\Output\ConsoleOutput))
#6 /Users/mkkn/mine/chatbox-inc/heroku-php/vendor/illuminate/console/Command.php(155): Symfony\Component\Console\Command\Command->run(Object(Symfony\Component\Console\Input\ArgvInput), Object(Symfony\Component\Console\Output\ConsoleOutput))
#7 /Users/mkkn/mine/chatbox-inc/heroku-php/vendor/symfony/console/Application.php(791): Illuminate\Console\Command->run(Object(Symfony\Component\Console\Input\ArgvInput), Object(Symfony\Component\Console\Output\ConsoleOutput))
#8 /Users/mkkn/mine/chatbox-inc/heroku-php/vendor/symfony/console/Application.php(186): Symfony\Component\Console\Application->doRunCommand(Object(Chatbox\Heroku\Commands\Init), Object(Symfony\Component\Console\Input\ArgvInput), Object(Symfony\Component\Console\Output\ConsoleOutput))
#9 /Users/mkkn/mine/chatbox-inc/heroku-php/vendor/symfony/console/Application.php(117): Symfony\Component\Console\Application->doRun(Object(Symfony\Component\Console\Input\ArgvInput), Object(Symfony\Component\Console\Output\ConsoleOutput))
#10 /Users/mkkn/mine/chatbox-inc/heroku-php/vendor/laravel/lumen-framework/src/Console/Kernel.php(69): Symfony\Component\Console\Application->run(Object(Symfony\Component\Console\Input\ArgvInput), Object(Symfony\Component\Console\Output\ConsoleOutput))
#11 /Users/mkkn/mine/chatbox-inc/heroku-php/bin/phpheroku(39): Laravel\Lumen\Console\Kernel->handle(Object(Symfony\Component\Console\Input\ArgvInput), Object(Symfony\Component\Console\Output\ConsoleOutput))
#12 {main}  
[2016-05-18 10:59:18] lumen.ERROR: Symfony\Component\Console\Exception\RuntimeException: The "-a" option does not exist. in /Users/mkkn/mine/chatbox-inc/heroku-php/vendor/symfony/console/Input/ArgvInput.php:194
Stack trace:
#0 /Users/mkkn/mine/chatbox-inc/heroku-php/vendor/symfony/console/Input/ArgvInput.php(110): Symfony\Component\Console\Input\ArgvInput->addShortOption('a', NULL)
#1 /Users/mkkn/mine/chatbox-inc/heroku-php/vendor/symfony/console/Input/ArgvInput.php(86): Symfony\Component\Console\Input\ArgvInput->parseShortOption('-a')
#2 /Users/mkkn/mine/chatbox-inc/heroku-php/vendor/symfony/console/Input/Input.php(64): Symfony\Component\Console\Input\ArgvInput->parse()
#3 /Users/mkkn/mine/chatbox-inc/heroku-php/vendor/symfony/console/Command/Command.php(221): Symfony\Component\Console\Input\Input->bind(Object(Symfony\Component\Console\Input\InputDefinition))
#4 /Users/mkkn/mine/chatbox-inc/heroku-php/vendor/illuminate/console/Command.php(155): Symfony\Component\Console\Command\Command->run(Object(Symfony\Component\Console\Input\ArgvInput), Object(Symfony\Component\Console\Output\ConsoleOutput))
#5 /Users/mkkn/mine/chatbox-inc/heroku-php/vendor/symfony/console/Application.php(791): Illuminate\Console\Command->run(Object(Symfony\Component\Console\Input\ArgvInput), Object(Symfony\Component\Console\Output\ConsoleOutput))
#6 /Users/mkkn/mine/chatbox-inc/heroku-php/vendor/symfony/console/Application.php(186): Symfony\Component\Console\Application->doRunCommand(Object(Chatbox\Heroku\Commands\Init), Object(Symfony\Component\Console\Input\ArgvInput), Object(Symfony\Component\Console\Output\ConsoleOutput))
#7 /Users/mkkn/mine/chatbox-inc/heroku-php/vendor/symfony/console/Application.php(117): Symfony\Component\Console\Application->doRun(Object(Symfony\Component\Console\Input\ArgvInput), Object(Symfony\Component\Console\Output\ConsoleOutput))
#8 /Users/mkkn/mine/chatbox-inc/heroku-php/vendor/laravel/lumen-framework/src/Console/Kernel.php(69): Symfony\Component\Console\Application->run(Object(Symfony\Component\Console\Input\ArgvInput), Object(Symfony\Component\Console\Output\ConsoleOutput))
#9 /Users/mkkn/mine/chatbox-inc/heroku-php/bin/phpheroku(39): Laravel\Lumen\Console\Kernel->handle(Object(Symfony\Component\Console\Input\ArgvInput), Object(Symfony\Component\Console\Output\ConsoleOutput))
#10 {main}  
[2016-06-11 04:47:47] lumen.ERROR: Symfony\Component\Debug\Exception\FatalThrowableError: Type error: Argument 1 passed to class@anonymous::__construct() must be an instance of Application, instance of Laravel\Lumen\Application given, called in /Users/mkkn/mine/chatbox-inc/heroku-php/bin/phpheroku on line 30 in /Users/mkkn/mine/chatbox-inc/heroku-php/bin/phpheroku:34
Stack trace:
#0 /Users/mkkn/mine/chatbox-inc/heroku-php/bin/phpheroku(30): class@anonymous->__construct(Object(Laravel\Lumen\Application))
#1 {main}  
[2016-06-11 14:58:06] lumen.ERROR: ReflectionException: Class Chatbox\Heroku\Sendmail does not exist in /Users/mkkn/mine/chatbox-inc/heroku-php/vendor/illuminate/container/Container.php:738
Stack trace:
#0 /Users/mkkn/mine/chatbox-inc/heroku-php/vendor/illuminate/container/Container.php(738): ReflectionClass->__construct('Chatbox\\Heroku\\...')
#1 /Users/mkkn/mine/chatbox-inc/heroku-php/vendor/illuminate/container/Container.php(633): Illuminate\Container\Container->build('Chatbox\\Heroku\\...', Array)
#2 /Users/mkkn/mine/chatbox-inc/heroku-php/vendor/laravel/lumen-framework/src/Application.php(205): Illuminate\Container\Container->make('Chatbox\\Heroku\\...', Array)
#3 /Users/mkkn/mine/chatbox-inc/heroku-php/vendor/illuminate/console/Application.php(115): Laravel\Lumen\Application->make('Chatbox\\Heroku\\...')
#4 /Users/mkkn/mine/chatbox-inc/heroku-php/vendor/illuminate/console/Application.php(129): Illuminate\Console\Application->resolve('Chatbox\\Heroku\\...')
#5 /Users/mkkn/mine/chatbox-inc/heroku-php/vendor/illuminate/support/ServiceProvider.php(178): Illuminate\Console\Application->resolveCommands(Array)
#6 [internal function]: Illuminate\Support\ServiceProvider->Illuminate\Support\{closure}(Object(Illuminate\Console\Events\ArtisanStarting))
#7 /Users/mkkn/mine/chatbox-inc/heroku-php/vendor/illuminate/events/Dispatcher.php(221): call_user_func_array(Object(Closure), Array)
#8 /Users/mkkn/mine/chatbox-inc/heroku-php/vendor/illuminate/console/Application.php(46): Illuminate\Events\Dispatcher->fire('Illuminate\\Cons...')
#9 /Users/mkkn/mine/chatbox-inc/heroku-php/vendor/laravel/lumen-framework/src/Console/Kernel.php(150): Illuminate\Console\Application->__construct(Object(Laravel\Lumen\Application), Object(Illuminate\Events\Dispatcher), 'Lumen (5.2.6) (...')
#10 /Users/mkkn/mine/chatbox-inc/heroku-php/vendor/laravel/lumen-framework/src/Console/Kernel.php(69): Laravel\Lumen\Console\Kernel->getArtisan()
#11 /Users/mkkn/mine/chatbox-inc/heroku-php/bin/phpheroku(46): Laravel\Lumen\Console\Kernel->handle(Object(Symfony\Component\Console\Input\ArgvInput), Object(Symfony\Component\Console\Output\ConsoleOutput))
#12 {main}  
[2016-06-12 13:23:50] lumen.ERROR: Symfony\Component\Console\Exception\RuntimeException: Not enough arguments (missing: "name: application name"). in /Users/mkkn/mine/chatbox-inc/heroku-php/vendor/symfony/console/Input/Input.php:87
Stack trace:
#0 /Users/mkkn/mine/chatbox-inc/heroku-php/vendor/symfony/console/Command/Command.php(251): Symfony\Component\Console\Input\Input->validate()
#1 /Users/mkkn/mine/chatbox-inc/heroku-php/vendor/illuminate/console/Command.php(155): Symfony\Component\Console\Command\Command->run(Object(Symfony\Component\Console\Input\ArgvInput), Object(Symfony\Component\Console\Output\ConsoleOutput))
#2 /Users/mkkn/mine/chatbox-inc/heroku-php/vendor/symfony/console/Application.php(791): Illuminate\Console\Command->run(Object(Symfony\Component\Console\Input\ArgvInput), Object(Symfony\Component\Console\Output\ConsoleOutput))
#3 /Users/mkkn/mine/chatbox-inc/heroku-php/vendor/symfony/console/Application.php(186): Symfony\Component\Console\Application->doRunCommand(Object(Chatbox\Heroku\Commands\App), Object(Symfony\Component\Console\Input\ArgvInput), Object(Symfony\Component\Console\Output\ConsoleOutput))
#4 /Users/mkkn/mine/chatbox-inc/heroku-php/vendor/symfony/console/Application.php(117): Symfony\Component\Console\Application->doRun(Object(Symfony\Component\Console\Input\ArgvInput), Object(Symfony\Component\Console\Output\ConsoleOutput))
#5 /Users/mkkn/mine/chatbox-inc/heroku-php/vendor/laravel/lumen-framework/src/Console/Kernel.php(69): Symfony\Component\Console\Application->run(Object(Symfony\Component\Console\Input\ArgvInput), Object(Symfony\Component\Console\Output\ConsoleOutput))
#6 /Users/mkkn/mine/chatbox-inc/heroku-php/bin/phpheroku(46): Laravel\Lumen\Console\Kernel->handle(Object(Symfony\Component\Console\Input\ArgvInput), Object(Symfony\Component\Console\Output\ConsoleOutput))
#7 {main}  
[2016-06-12 13:24:03] lumen.ERROR: Symfony\Component\Console\Exception\RuntimeException: Not enough arguments (missing: "name :application name"). in /Users/mkkn/mine/chatbox-inc/heroku-php/vendor/symfony/console/Input/Input.php:87
Stack trace:
#0 /Users/mkkn/mine/chatbox-inc/heroku-php/vendor/symfony/console/Command/Command.php(251): Symfony\Component\Console\Input\Input->validate()
#1 /Users/mkkn/mine/chatbox-inc/heroku-php/vendor/illuminate/console/Command.php(155): Symfony\Component\Console\Command\Command->run(Object(Symfony\Component\Console\Input\ArgvInput), Object(Symfony\Component\Console\Output\ConsoleOutput))
#2 /Users/mkkn/mine/chatbox-inc/heroku-php/vendor/symfony/console/Application.php(791): Illuminate\Console\Command->run(Object(Symfony\Component\Console\Input\ArgvInput), Object(Symfony\Component\Console\Output\ConsoleOutput))
#3 /Users/mkkn/mine/chatbox-inc/heroku-php/vendor/symfony/console/Application.php(186): Symfony\Component\Console\Application->doRunCommand(Object(Chatbox\Heroku\Commands\App), Object(Symfony\Component\Console\Input\ArgvInput), Object(Symfony\Component\Console\Output\ConsoleOutput))
#4 /Users/mkkn/mine/chatbox-inc/heroku-php/vendor/symfony/console/Application.php(117): Symfony\Component\Console\Application->doRun(Object(Symfony\Component\Console\Input\ArgvInput), Object(Symfony\Component\Console\Output\ConsoleOutput))
#5 /Users/mkkn/mine/chatbox-inc/heroku-php/vendor/laravel/lumen-framework/src/Console/Kernel.php(69): Symfony\Component\Console\Application->run(Object(Symfony\Component\Console\Input\ArgvInput), Object(Symfony\Component\Console\Output\ConsoleOutput))
#6 /Users/mkkn/mine/chatbox-inc/heroku-php/bin/phpheroku(46): Laravel\Lumen\Console\Kernel->handle(Object(Symfony\Component\Console\Input\ArgvInput), Object(Symfony\Component\Console\Output\ConsoleOutput))
#7 {main}  
[2016-06-12 13:24:06] lumen.ERROR: Symfony\Component\Console\Exception\InvalidArgumentException: The "appname" option does not exist. in /Users/mkkn/mine/chatbox-inc/heroku-php/vendor/symfony/console/Input/Input.php:190
Stack trace:
#0 /Users/mkkn/mine/chatbox-inc/heroku-php/vendor/illuminate/console/Command.php(231): Symfony\Component\Console\Input\Input->getOption('appname')
#1 /Users/mkkn/mine/chatbox-inc/heroku-php/src/Commands/App.php(29): Illuminate\Console\Command->option('appname')
#2 [internal function]: Chatbox\Heroku\Commands\App->handle()
#3 /Users/mkkn/mine/chatbox-inc/heroku-php/vendor/illuminate/container/Container.php(507): call_user_func_array(Array, Array)
#4 /Users/mkkn/mine/chatbox-inc/heroku-php/vendor/illuminate/console/Command.php(169): Illuminate\Container\Container->call(Array)
#5 /Users/mkkn/mine/chatbox-inc/heroku-php/vendor/symfony/console/Command/Command.php(256): Illuminate\Console\Command->execute(Object(Symfony\Component\Console\Input\ArgvInput), Object(Symfony\Component\Console\Output\ConsoleOutput))
#6 /Users/mkkn/mine/chatbox-inc/heroku-php/vendor/illuminate/console/Command.php(155): Symfony\Component\Console\Command\Command->run(Object(Symfony\Component\Console\Input\ArgvInput), Object(Symfony\Component\Console\Output\ConsoleOutput))
#7 /Users/mkkn/mine/chatbox-inc/heroku-php/vendor/symfony/console/Application.php(791): Illuminate\Console\Command->run(Object(Symfony\Component\Console\Input\ArgvInput), Object(Symfony\Component\Console\Output\ConsoleOutput))
#8 /Users/mkkn/mine/chatbox-inc/heroku-php/vendor/symfony/console/Application.php(186): Symfony\Component\Console\Application->doRunCommand(Object(Chatbox\Heroku\Commands\App), Object(Symfony\Component\Console\Input\ArgvInput), Object(Symfony\Component\Console\Output\ConsoleOutput))
#9 /Users/mkkn/mine/chatbox-inc/heroku-php/vendor/symfony/console/Application.php(117): Symfony\Component\Console\Application->doRun(Object(Symfony\Component\Console\Input\ArgvInput), Object(Symfony\Component\Console\Output\ConsoleOutput))
#10 /Users/mkkn/mine/chatbox-inc/heroku-php/vendor/laravel/lumen-framework/src/Console/Kernel.php(69): Symfony\Component\Console\Application->run(Object(Symfony\Component\Console\Input\ArgvInput), Object(Symfony\Component\Console\Output\ConsoleOutput))
#11 /Users/mkkn/mine/chatbox-inc/heroku-php/bin/phpheroku(46): Laravel\Lumen\Console\Kernel->handle(Object(Symfony\Component\Console\Input\ArgvInput), Object(Symfony\Component\Console\Output\ConsoleOutput))
#12 {main}  
[2016-06-12 13:24:46] lumen.ERROR: Symfony\Component\Console\Exception\InvalidArgumentException: The "name" argument does not exist. in /Users/mkkn/mine/chatbox-inc/heroku-php/vendor/symfony/console/Input/Input.php:133
Stack trace:
#0 /Users/mkkn/mine/chatbox-inc/heroku-php/vendor/illuminate/console/Command.php(216): Symfony\Component\Console\Input\Input->getArgument('name')
#1 /Users/mkkn/mine/chatbox-inc/heroku-php/src/Commands/App.php(28): Illuminate\Console\Command->argument('name')
#2 [internal function]: Chatbox\Heroku\Commands\App->handle()
#3 /Users/mkkn/mine/chatbox-inc/heroku-php/vendor/illuminate/container/Container.php(507): call_user_func_array(Array, Array)
#4 /Users/mkkn/mine/chatbox-inc/heroku-php/vendor/illuminate/console/Command.php(169): Illuminate\Container\Container->call(Array)
#5 /Users/mkkn/mine/chatbox-inc/heroku-php/vendor/symfony/console/Command/Command.php(256): Illuminate\Console\Command->execute(Object(Symfony\Component\Console\Input\ArgvInput), Object(Symfony\Component\Console\Output\ConsoleOutput))
#6 /Users/mkkn/mine/chatbox-inc/heroku-php/vendor/illuminate/console/Command.php(155): Symfony\Component\Console\Command\Command->run(Object(Symfony\Component\Console\Input\ArgvInput), Object(Symfony\Component\Console\Output\ConsoleOutput))
#7 /Users/mkkn/mine/chatbox-inc/heroku-php/vendor/symfony/console/Application.php(791): Illuminate\Console\Command->run(Object(Symfony\Component\Console\Input\ArgvInput), Object(Symfony\Component\Console\Output\ConsoleOutput))
#8 /Users/mkkn/mine/chatbox-inc/heroku-php/vendor/symfony/console/Application.php(186): Symfony\Component\Console\Application->doRunCommand(Object(Chatbox\Heroku\Commands\App), Object(Symfony\Component\Console\Input\ArgvInput), Object(Symfony\Component\Console\Output\ConsoleOutput))
#9 /Users/mkkn/mine/chatbox-inc/heroku-php/vendor/symfony/console/Application.php(117): Symfony\Component\Console\Application->doRun(Object(Symfony\Component\Console\Input\ArgvInput), Object(Symfony\Component\Console\Output\ConsoleOutput))
#10 /Users/mkkn/mine/chatbox-inc/heroku-php/vendor/laravel/lumen-framework/src/Console/Kernel.php(69): Symfony\Component\Console\Application->run(Object(Symfony\Component\Console\Input\ArgvInput), Object(Symfony\Component\Console\Output\ConsoleOutput))
#11 /Users/mkkn/mine/chatbox-inc/heroku-php/bin/phpheroku(46): Laravel\Lumen\Console\Kernel->handle(Object(Symfony\Component\Console\Input\ArgvInput), Object(Symfony\Component\Console\Output\ConsoleOutput))
#12 {main}  
[2016-06-12 13:24:47] lumen.ERROR: Symfony\Component\Console\Exception\InvalidArgumentException: The "name" argument does not exist. in /Users/mkkn/mine/chatbox-inc/heroku-php/vendor/symfony/console/Input/Input.php:133
Stack trace:
#0 /Users/mkkn/mine/chatbox-inc/heroku-php/vendor/illuminate/console/Command.php(216): Symfony\Component\Console\Input\Input->getArgument('name')
#1 /Users/mkkn/mine/chatbox-inc/heroku-php/src/Commands/App.php(28): Illuminate\Console\Command->argument('name')
#2 [internal function]: Chatbox\Heroku\Commands\App->handle()
#3 /Users/mkkn/mine/chatbox-inc/heroku-php/vendor/illuminate/container/Container.php(507): call_user_func_array(Array, Array)
#4 /Users/mkkn/mine/chatbox-inc/heroku-php/vendor/illuminate/console/Command.php(169): Illuminate\Container\Container->call(Array)
#5 /Users/mkkn/mine/chatbox-inc/heroku-php/vendor/symfony/console/Command/Command.php(256): Illuminate\Console\Command->execute(Object(Symfony\Component\Console\Input\ArgvInput), Object(Symfony\Component\Console\Output\ConsoleOutput))
#6 /Users/mkkn/mine/chatbox-inc/heroku-php/vendor/illuminate/console/Command.php(155): Symfony\Component\Console\Command\Command->run(Object(Symfony\Component\Console\Input\ArgvInput), Object(Symfony\Component\Console\Output\ConsoleOutput))
#7 /Users/mkkn/mine/chatbox-inc/heroku-php/vendor/symfony/console/Application.php(791): Illuminate\Console\Command->run(Object(Symfony\Component\Console\Input\ArgvInput), Object(Symfony\Component\Console\Output\ConsoleOutput))
#8 /Users/mkkn/mine/chatbox-inc/heroku-php/vendor/symfony/console/Application.php(186): Symfony\Component\Console\Application->doRunCommand(Object(Chatbox\Heroku\Commands\App), Object(Symfony\Component\Console\Input\ArgvInput), Object(Symfony\Component\Console\Output\ConsoleOutput))
#9 /Users/mkkn/mine/chatbox-inc/heroku-php/vendor/symfony/console/Application.php(117): Symfony\Component\Console\Application->doRun(Object(Symfony\Component\Console\Input\ArgvInput), Object(Symfony\Component\Console\Output\ConsoleOutput))
#10 /Users/mkkn/mine/chatbox-inc/heroku-php/vendor/laravel/lumen-framework/src/Console/Kernel.php(69): Symfony\Component\Console\Application->run(Object(Symfony\Component\Console\Input\ArgvInput), Object(Symfony\Component\Console\Output\ConsoleOutput))
#11 /Users/mkkn/mine/chatbox-inc/heroku-php/bin/phpheroku(46): Laravel\Lumen\Console\Kernel->handle(Object(Symfony\Component\Console\Input\ArgvInput), Object(Symfony\Component\Console\Output\ConsoleOutput))
#12 {main}  
[2016-06-12 13:35:08] lumen.ERROR: ErrorException: Undefined variable: name in /Users/mkkn/mine/chatbox-inc/heroku-php/src/Commands/App.php:31
Stack trace:
#0 /Users/mkkn/mine/chatbox-inc/heroku-php/src/Commands/App.php(31): Laravel\Lumen\Application->Laravel\Lumen\Concerns\{closure}(8, 'Undefined varia...', '/Users/mkkn/min...', 31, Array)
#1 [internal function]: Chatbox\Heroku\Commands\App->handle()
#2 /Users/mkkn/mine/chatbox-inc/heroku-php/vendor/illuminate/container/Container.php(507): call_user_func_array(Array, Array)
#3 /Users/mkkn/mine/chatbox-inc/heroku-php/vendor/illuminate/console/Command.php(169): Illuminate\Container\Container->call(Array)
#4 /Users/mkkn/mine/chatbox-inc/heroku-php/vendor/symfony/console/Command/Command.php(256): Illuminate\Console\Command->execute(Object(Symfony\Component\Console\Input\ArgvInput), Object(Symfony\Component\Console\Output\ConsoleOutput))
#5 /Users/mkkn/mine/chatbox-inc/heroku-php/vendor/illuminate/console/Command.php(155): Symfony\Component\Console\Command\Command->run(Object(Symfony\Component\Console\Input\ArgvInput), Object(Symfony\Component\Console\Output\ConsoleOutput))
#6 /Users/mkkn/mine/chatbox-inc/heroku-php/vendor/symfony/console/Application.php(791): Illuminate\Console\Command->run(Object(Symfony\Component\Console\Input\ArgvInput), Object(Symfony\Component\Console\Output\ConsoleOutput))
#7 /Users/mkkn/mine/chatbox-inc/heroku-php/vendor/symfony/console/Application.php(186): Symfony\Component\Console\Application->doRunCommand(Object(Chatbox\Heroku\Commands\App), Object(Symfony\Component\Console\Input\ArgvInput), Object(Symfony\Component\Console\Output\ConsoleOutput))
#8 /Users/mkkn/mine/chatbox-inc/heroku-php/vendor/symfony/console/Application.php(117): Symfony\Component\Console\Application->doRun(Object(Symfony\Component\Console\Input\ArgvInput), Object(Symfony\Component\Console\Output\ConsoleOutput))
#9 /Users/mkkn/mine/chatbox-inc/heroku-php/vendor/laravel/lumen-framework/src/Console/Kernel.php(69): Symfony\Component\Console\Application->run(Object(Symfony\Component\Console\Input\ArgvInput), Object(Symfony\Component\Console\Output\ConsoleOutput))
#10 /Users/mkkn/mine/chatbox-inc/heroku-php/bin/phpheroku(46): Laravel\Lumen\Console\Kernel->handle(Object(Symfony\Component\Console\Input\ArgvInput), Object(Symfony\Component\Console\Output\ConsoleOutput))
#11 {main}  
[2016-06-12 13:39:40] lumen.ERROR: Symfony\Component\Console\Exception\RuntimeException: The "--app" option does not exist. in /Users/mkkn/mine/chatbox-inc/heroku-php/vendor/symfony/console/Input/ArgvInput.php:211
Stack trace:
#0 /Users/mkkn/mine/chatbox-inc/heroku-php/vendor/symfony/console/Input/ArgvInput.php(152): Symfony\Component\Console\Input\ArgvInput->addLongOption('app', NULL)
#1 /Users/mkkn/mine/chatbox-inc/heroku-php/vendor/symfony/console/Input/ArgvInput.php(84): Symfony\Component\Console\Input\ArgvInput->parseLongOption('--app')
#2 /Users/mkkn/mine/chatbox-inc/heroku-php/vendor/symfony/console/Input/Input.php(64): Symfony\Component\Console\Input\ArgvInput->parse()
#3 /Users/mkkn/mine/chatbox-inc/heroku-php/vendor/symfony/console/Command/Command.php(221): Symfony\Component\Console\Input\Input->bind(Object(Symfony\Component\Console\Input\InputDefinition))
#4 /Users/mkkn/mine/chatbox-inc/heroku-php/vendor/illuminate/console/Command.php(155): Symfony\Component\Console\Command\Command->run(Object(Symfony\Component\Console\Input\ArgvInput), Object(Symfony\Component\Console\Output\ConsoleOutput))
#5 /Users/mkkn/mine/chatbox-inc/heroku-php/vendor/symfony/console/Application.php(791): Illuminate\Console\Command->run(Object(Symfony\Component\Console\Input\ArgvInput), Object(Symfony\Component\Console\Output\ConsoleOutput))
#6 /Users/mkkn/mine/chatbox-inc/heroku-php/vendor/symfony/console/Application.php(186): Symfony\Component\Console\Application->doRunCommand(Object(Chatbox\Heroku\Commands\App), Object(Symfony\Component\Console\Input\ArgvInput), Object(Symfony\Component\Console\Output\ConsoleOutput))
#7 /Users/mkkn/mine/chatbox-inc/heroku-php/vendor/symfony/console/Application.php(117): Symfony\Component\Console\Application->doRun(Object(Symfony\Component\Console\Input\ArgvInput), Object(Symfony\Component\Console\Output\ConsoleOutput))
#8 /Users/mkkn/mine/chatbox-inc/heroku-php/vendor/laravel/lumen-framework/src/Console/Kernel.php(69): Symfony\Component\Console\Application->run(Object(Symfony\Component\Console\Input\ArgvInput), Object(Symfony\Component\Console\Output\ConsoleOutput))
#9 /Users/mkkn/mine/chatbox-inc/heroku-php/bin/phpheroku(46): Laravel\Lumen\Console\Kernel->handle(Object(Symfony\Component\Console\Input\ArgvInput), Object(Symfony\Component\Console\Output\ConsoleOutput))
#10 {main}  
[2016-06-12 14:58:31] lumen.ERROR: Symfony\Component\Console\Exception\RuntimeException: Too many arguments. in /Users/mkkn/mine/chatbox-inc/heroku-php/vendor/symfony/console/Input/ArgvInput.php:179
Stack trace:
#0 /Users/mkkn/mine/chatbox-inc/heroku-php/vendor/symfony/console/Input/ArgvInput.php(88): Symfony\Component\Console\Input\ArgvInput->parseArgument('y')
#1 /Users/mkkn/mine/chatbox-inc/heroku-php/vendor/symfony/console/Input/Input.php(64): Symfony\Component\Console\Input\ArgvInput->parse()
#2 /Users/mkkn/mine/chatbox-inc/heroku-php/vendor/symfony/console/Command/Command.php(221): Symfony\Component\Console\Input\Input->bind(Object(Symfony\Component\Console\Input\InputDefinition))
#3 /Users/mkkn/mine/chatbox-inc/heroku-php/vendor/illuminate/console/Command.php(155): Symfony\Component\Console\Command\Command->run(Object(Symfony\Component\Console\Input\ArgvInput), Object(Symfony\Component\Console\Output\ConsoleOutput))
#4 /Users/mkkn/mine/chatbox-inc/heroku-php/vendor/symfony/console/Application.php(791): Illuminate\Console\Command->run(Object(Symfony\Component\Console\Input\ArgvInput), Object(Symfony\Component\Console\Output\ConsoleOutput))
#5 /Users/mkkn/mine/chatbox-inc/heroku-php/vendor/symfony/console/Application.php(186): Symfony\Component\Console\Application->doRunCommand(Object(Chatbox\Heroku\Commands\AppJson\Init), Object(Symfony\Component\Console\Input\ArgvInput), Object(Symfony\Component\Console\Output\ConsoleOutput))
#6 /Users/mkkn/mine/chatbox-inc/heroku-php/vendor/symfony/console/Application.php(117): Symfony\Component\Console\Application->doRun(Object(Symfony\Component\Console\Input\ArgvInput), Object(Symfony\Component\Console\Output\ConsoleOutput))
#7 /Users/mkkn/mine/chatbox-inc/heroku-php/vendor/laravel/lumen-framework/src/Console/Kernel.php(69): Symfony\Component\Console\Application->run(Object(Symfony\Component\Console\Input\ArgvInput), Object(Symfony\Component\Console\Output\ConsoleOutput))
#8 /Users/mkkn/mine/chatbox-inc/heroku-php/bin/phpheroku(45): Laravel\Lumen\Console\Kernel->handle(Object(Symfony\Component\Console\Input\ArgvInput), Object(Symfony\Component\Console\Output\ConsoleOutput))
#9 {main}  
[2016-06-12 14:58:40] lumen.ERROR: Symfony\Component\Console\Exception\RuntimeException: Too many arguments. in /Users/mkkn/mine/chatbox-inc/heroku-php/vendor/symfony/console/Input/ArgvInput.php:179
Stack trace:
#0 /Users/mkkn/mine/chatbox-inc/heroku-php/vendor/symfony/console/Input/ArgvInput.php(88): Symfony\Component\Console\Input\ArgvInput->parseArgument('Y')
#1 /Users/mkkn/mine/chatbox-inc/heroku-php/vendor/symfony/console/Input/Input.php(64): Symfony\Component\Console\Input\ArgvInput->parse()
#2 /Users/mkkn/mine/chatbox-inc/heroku-php/vendor/symfony/console/Command/Command.php(221): Symfony\Component\Console\Input\Input->bind(Object(Symfony\Component\Console\Input\InputDefinition))
#3 /Users/mkkn/mine/chatbox-inc/heroku-php/vendor/illuminate/console/Command.php(155): Symfony\Component\Console\Command\Command->run(Object(Symfony\Component\Console\Input\ArgvInput), Object(Symfony\Component\Console\Output\ConsoleOutput))
#4 /Users/mkkn/mine/chatbox-inc/heroku-php/vendor/symfony/console/Application.php(791): Illuminate\Console\Command->run(Object(Symfony\Component\Console\Input\ArgvInput), Object(Symfony\Component\Console\Output\ConsoleOutput))
#5 /Users/mkkn/mine/chatbox-inc/heroku-php/vendor/symfony/console/Application.php(186): Symfony\Component\Console\Application->doRunCommand(Object(Chatbox\Heroku\Commands\AppJson\Init), Object(Symfony\Component\Console\Input\ArgvInput), Object(Symfony\Component\Console\Output\ConsoleOutput))
#6 /Users/mkkn/mine/chatbox-inc/heroku-php/vendor/symfony/console/Application.php(117): Symfony\Component\Console\Application->doRun(Object(Symfony\Component\Console\Input\ArgvInput), Object(Symfony\Component\Console\Output\ConsoleOutput))
#7 /Users/mkkn/mine/chatbox-inc/heroku-php/vendor/laravel/lumen-framework/src/Console/Kernel.php(69): Symfony\Component\Console\Application->run(Object(Symfony\Component\Console\Input\ArgvInput), Object(Symfony\Component\Console\Output\ConsoleOutput))
#8 /Users/mkkn/mine/chatbox-inc/heroku-php/bin/phpheroku(45): Laravel\Lumen\Console\Kernel->handle(Object(Symfony\Component\Console\Input\ArgvInput), Object(Symfony\Component\Console\Output\ConsoleOutput))
#9 {main}  
